文件未找到: /data/artifact/AMulet2.0_artifact/128_resyn3/Filename.aig
文件未找到: /data/artifact/AMulet2.0_artifact/128_default/Column2.aig
文件未找到: /data/artifact/AMulet2.0_artifact/128_default/Column3.aig
文件未找到: /data/artifact/AMulet2.0_artifact/128_default/Column4.aig
文件未找到: /data/artifact/AMulet2.0_artifact/128_default/128_128_U1_4to2_CK_Multgen_default.aig
文件未找到: /data/artifact/AMulet2.0_artifact/128_default/128_128_U1_4to2_SE_Multgen_default.aig
文件未找到: /data/artifact/AMulet2.0_artifact/128_default/128_128_U1_DT_SE_Multgen_default.aig
文件未找到: /data/artifact/AMulet2.0_artifact/128_default/128_128_U1_DT_CK_Multgen_default.aig
文件未找到: /data/artifact/AMulet2.0_artifact/128_default/128_128_U1_WT_CK_Multgen_default.aig
文件未找到: /data/artifact/AMulet2.0_artifact/128_default/128_128_U1_WT_SE_Multgen_default.aig
文件未找到: /data/artifact/AMulet2.0_artifact/128_default/128_128_U2_4to2_SE_Multgen_default.aig
文件未找到: /data/artifact/AMulet2.0_artifact/128_default/128_128_U2_4to2_CK_Multgen_default.aig
文件未找到: /data/artifact/AMulet2.0_artifact/128_default/128_128_U2_4to2_SE_Multgen_default.aig
文件未找到: /data/artifact/AMulet2.0_artifact/128_default/128_128_U2_DT_SE_Multgen_default.aig
文件未找到: /data/artifact/AMulet2.0_artifact/128_default/128_128_U2_DT_CK_Multgen_default.aig
文件未找到: /data/artifact/AMulet2.0_artifact/128_default/128_128_U2_DT_CL_Multgen_default.aig
文件未找到: /data/artifact/AMulet2.0_artifact/128_default/128_128_U2_WT_CK_Multgen_default.aig
文件未找到: /data/artifact/AMulet2.0_artifact/128_default/128_128_U2_WT_SE_Multgen_default.aig
文件未找到: /data/artifact/AMulet2.0_artifact/128_default/128_128_U_SP_AR_JCA_GenMul_default.aig
文件未找到: /data/artifact/AMulet2.0_artifact/128_default/128_128_U_SP_AR_JCA_GenMul_default.aig
文件未找到: /data/artifact/AMulet2.0_artifact/128_default/128_128_U_SP_CWT_HCA_GenMul_default.aig
文件未找到: /data/artifact/AMulet2.0_artifact/128_default/128_128_U_SP_CWT_JCA_GenMul_default.aig
文件未找到: /data/artifact/AMulet2.0_artifact/128_default/128_128_U_SP_DT_HCA_GenMul_default.aig
文件未找到: /data/artifact/AMulet2.0_artifact/128_default/128_128_U_SP_DT_HCA_GenMul_default.aig
文件未找到: /data/artifact/AMulet2.0_artifact/128_default/128_128_U_SP_DT_JCA_GenMul_default.aig
文件未找到: /data/artifact/AMulet2.0_artifact/128_default/128_128_U_SP_WT_HCA_GenMul_default.aig
文件未找到: /data/artifact/AMulet2.0_artifact/128_default/128_128_U_SP_WT_HCA_GenMul_default.aig
文件未找到: /data/artifact/AMulet2.0_artifact/128_default/128_128_U_SP_WT_JCA_GenMul_default.aig
