Error processing row: 64_64_U1_4to2_BK_Multgen_dc2, 64_64_U1_4to2_BK_Multgen_default, 64_64_U1_4to2_LF_Multgen_default, 64_64_U1_4to2_JCA_Multgen_default
Error processing row: 64_64_U1_4to2_HCA_Multgen_dc2, 64_64_U1_4to2_HCA_Multgen_default, 64_64_U1_4to2_BK_Multgen_default, 64_64_U1_4to2_LF_Multgen_default
Error processing row: 64_64_U1_4to2_JCA_Multgen_dc2, 64_64_U1_4to2_LF_Multgen_default, 64_64_U1_4to2_JCA_Multgen_default, 64_64_U1_4to2_KS_Multgen_default
Error processing row: 64_64_U1_4to2_KS_Multgen_dc2, 64_64_U1_4to2_KS_Multgen_default, 64_64_U1_4to2_HCA_Multgen_default, 64_64_U1_4to2_LF_Multgen_default
Error processing row: 64_64_U1_4to2_LF_Multgen_dc2, 64_64_U1_4to2_LF_Multgen_default, 64_64_U1_4to2_JCA_Multgen_default, 64_64_U1_4to2_KS_Multgen_default
Error processing row: 64_64_U1_4to2_RC_Multgen_dc2, 64_64_U1_4to2_RC_Multgen_default, 64_64_U1_4to2_CK_Multgen_default, 64_64_U1_4to2_CL_Multgen_default
Error processing row: 64_64_U1_DT_BK_Multgen_dc2, 64_64_U1_DT_BK_Multgen_default, 64_64_U1_DT_LF_Multgen_default, 64_64_U1_DT_JCA_Multgen_default
Error processing row: 64_64_U1_DT_HCA_Multgen_dc2, 64_64_U1_DT_HCA_Multgen_default, 64_64_U1_DT_KS_Multgen_default, 64_64_U1_DT_LF_Multgen_default
Error processing row: 64_64_U1_DT_JCA_Multgen_dc2, 64_64_U1_DT_LF_Multgen_default, 64_64_U1_DT_JCA_Multgen_default, 64_64_U1_DT_HCA_Multgen_default
Error processing row: 64_64_U1_DT_KS_Multgen_dc2, 64_64_U1_DT_KS_Multgen_default, 64_64_U1_DT_HCA_Multgen_default, 64_64_U1_DT_LF_Multgen_default
Error processing row: 64_64_U1_DT_LF_Multgen_dc2, 64_64_U1_DT_LF_Multgen_default, 64_64_U1_DT_JCA_Multgen_default, 64_64_U1_DT_HCA_Multgen_default
Error processing row: 64_64_U1_DT_RC_Multgen_dc2, 64_64_U1_DT_RC_Multgen_default, 64_64_U1_DT_CK_Multgen_default, 64_64_U1_DT_CL_Multgen_default
Error processing row: 64_64_U1_WT_BK_Multgen_dc2, 64_64_U1_WT_BK_Multgen_default, 64_64_U1_WT_LF_Multgen_default, 64_64_U1_WT_JCA_Multgen_default
Error processing row: 64_64_U1_WT_HCA_Multgen_dc2, 64_64_U1_WT_HCA_Multgen_default, 64_64_U1_WT_BK_Multgen_default, 64_64_U1_WT_LF_Multgen_default
Error processing row: 64_64_U1_WT_JCA_Multgen_dc2, 64_64_U1_WT_LF_Multgen_default, 64_64_U1_WT_JCA_Multgen_default, 64_64_U1_WT_BK_Multgen_default
Error processing row: 64_64_U1_WT_KS_Multgen_dc2, 64_64_U1_WT_KS_Multgen_default, 64_64_U1_WT_HCA_Multgen_default, 64_64_U1_WT_RC_Multgen_default
Error processing row: 64_64_U1_WT_LF_Multgen_dc2, 64_64_U1_WT_LF_Multgen_default, 64_64_U1_WT_JCA_Multgen_default, 64_64_U1_WT_BK_Multgen_default
Error processing row: 64_64_U1_WT_RC_Multgen_dc2, 64_64_U1_WT_RC_Multgen_default, 64_64_U1_WT_CK_Multgen_default, 64_64_U1_WT_CL_Multgen_default
Error processing row: 64_64_U2_4to2_BK_Multgen_dc2, 64_64_U2_4to2_BK_Multgen_default, 64_64_U2_4to2_LF_Multgen_default, 64_64_U2_4to2_JCA_Multgen_default
Error processing row: 64_64_U2_4to2_HCA_Multgen_dc2, 64_64_U2_4to2_HCA_Multgen_default, 64_64_U2_4to2_KS_Multgen_default, 64_64_U2_4to2_BK_Multgen_default
Error processing row: 64_64_U2_4to2_JCA_Multgen_dc2, 64_64_U2_4to2_LF_Multgen_default, 64_64_U2_4to2_JCA_Multgen_default, 64_64_U2_4to2_KS_Multgen_default
Error processing row: 64_64_U2_4to2_KS_Multgen_dc2, 64_64_U2_4to2_KS_Multgen_default, 64_64_U2_4to2_HCA_Multgen_default, 64_64_U2_4to2_LF_Multgen_default
Error processing row: 64_64_U2_4to2_LF_Multgen_dc2, 64_64_U2_4to2_LF_Multgen_default, 64_64_U2_4to2_JCA_Multgen_default, 64_64_U2_4to2_KS_Multgen_default
Error processing row: 64_64_U2_4to2_RC_Multgen_dc2, 64_64_U2_4to2_RC_Multgen_default, 64_64_U2_4to2_CK_Multgen_default, 64_64_U2_4to2_CL_Multgen_default
Error processing row: 64_64_U2_DT_BK_Multgen_dc2, 64_64_U2_DT_BK_Multgen_default, 64_64_U2_DT_LF_Multgen_default, 64_64_U2_DT_JCA_Multgen_default
Error processing row: 64_64_U2_DT_HCA_Multgen_dc2, 64_64_U2_DT_HCA_Multgen_default, 64_64_U2_DT_BK_Multgen_default, 64_64_U2_DT_LF_Multgen_default
Error processing row: 64_64_U2_DT_JCA_Multgen_dc2, 64_64_U2_DT_LF_Multgen_default, 64_64_U2_DT_JCA_Multgen_default, 64_64_U2_DT_KS_Multgen_default
Error processing row: 64_64_U2_DT_KS_Multgen_dc2, 64_64_U2_DT_KS_Multgen_default, 64_64_U2_DT_HCA_Multgen_default, 64_64_U2_DT_LF_Multgen_default
Error processing row: 64_64_U2_DT_LF_Multgen_dc2, 64_64_U2_DT_LF_Multgen_default, 64_64_U2_DT_JCA_Multgen_default, 64_64_U2_DT_KS_Multgen_default
Error processing row: 64_64_U2_DT_RC_Multgen_dc2, 64_64_U2_DT_RC_Multgen_default, 64_64_U2_DT_CK_Multgen_default, 64_64_U2_DT_CL_Multgen_default
Error processing row: 64_64_U2_WT_BK_Multgen_dc2, 64_64_U2_WT_BK_Multgen_default, 64_64_U2_WT_LF_Multgen_default, 64_64_U2_WT_HCA_Multgen_default
Error processing row: 64_64_U2_WT_HCA_Multgen_dc2, 64_64_U2_WT_HCA_Multgen_default, 64_64_U2_WT_LF_Multgen_default, 64_64_U2_WT_BK_Multgen_default
Error processing row: 64_64_U2_WT_JCA_Multgen_dc2, 64_64_U2_WT_LF_Multgen_default, 64_64_U2_WT_JCA_Multgen_default, 64_64_U2_WT_BK_Multgen_default
Error processing row: 64_64_U2_WT_KS_Multgen_dc2, 64_64_U2_WT_KS_Multgen_default, 64_64_U2_WT_HCA_Multgen_default, 64_64_U2_WT_RC_Multgen_default
Error processing row: 64_64_U2_WT_LF_Multgen_dc2, 64_64_U2_WT_LF_Multgen_default, 64_64_U2_WT_JCA_Multgen_default, 64_64_U2_WT_BK_Multgen_default
Error processing row: 64_64_U2_WT_RC_Multgen_dc2, 64_64_U2_WT_RC_Multgen_default, 64_64_U2_WT_CK_Multgen_default, 64_64_U2_WT_CL_Multgen_default
Error processing row: 64_64_U_SP_AR_BK_GenMul_dc2, 64_64_U_SP_AR_SE_GenMul_default, 64_64_U_SP_AR_CL_GenMul_default, 64_64_U_SP_AR_HCA_GenMul_default
Error processing row: 64_64_U_SP_AR_CK_GenMul_dc2, 64_64_U_SP_AR_CK_GenMul_default, 64_64_U_SP_AR_RC_GenMul_default, 64_64_U_SP_AR_CL_GenMul_default
Error processing row: 64_64_U_SP_AR_CL_GenMul_dc2, 64_64_U_SP_AR_SE_GenMul_default, 64_64_U_SP_AR_CL_GenMul_default, 64_64_U_SP_AR_HCA_GenMul_default
Error processing row: 64_64_U_SP_AR_KS_GenMul_dc2, 64_64_U_SP_AR_KS_GenMul_default, 64_64_U_SP_AR_LF_GenMul_default, 64_64_U_SP_AR_RC_GenMul_default
Error processing row: 64_64_U_SP_AR_LF_GenMul_dc2, 64_64_U_SP_AR_SE_GenMul_default, 64_64_U_SP_AR_CL_GenMul_default, 64_64_U_SP_AR_HCA_GenMul_default
Error processing row: 64_64_U_SP_AR_RC_GenMul_dc2, 64_64_U_SP_AR_RC_GenMul_default, 64_64_U_SP_AR_CL_GenMul_default, 64_64_U_SP_AR_CK_GenMul_default
Error processing row: 64_64_U_SP_AR_SE_GenMul_dc2, 64_64_U_SP_AR_SE_GenMul_default, 64_64_U_SP_AR_CL_GenMul_default, 64_64_U_SP_AR_HCA_GenMul_default
Error processing row: 64_64_U_SP_CWT_BK_GenMul_dc2, 64_64_U_SP_CWT_BK_GenMul_default, 64_64_U_SP_CWT_LF_GenMul_default, 64_64_U_SP_CWT_JCA_GenMul_default
Error processing row: 64_64_U_SP_CWT_CK_GenMul_dc2, 64_64_U_SP_CWT_RC_GenMul_default, 64_64_U_SP_CWT_CK_GenMul_default, 64_64_U_SP_CWT_CL_GenMul_default
Error processing row: 64_64_U_SP_CWT_CL_GenMul_dc2, 64_64_U_SP_CWT_CL_GenMul_default, 64_64_U_SP_CWT_SE_GenMul_default, 64_64_U_SP_CWT_HCA_GenMul_default
Error processing row: 64_64_U_SP_CWT_KS_GenMul_dc2, 64_64_U_SP_CWT_KS_GenMul_default, 64_64_U_SP_CWT_HCA_GenMul_default, 64_64_U_SP_CWT_LF_GenMul_default
Error processing row: 64_64_U_SP_CWT_LF_GenMul_dc2, 64_64_U_SP_CWT_LF_GenMul_default, 64_64_U_SP_CWT_JCA_GenMul_default, 64_64_U_SP_CWT_BK_GenMul_default
Error processing row: 64_64_U_SP_CWT_RC_GenMul_dc2, 64_64_U_SP_CWT_RC_GenMul_default, 64_64_U_SP_CWT_CK_GenMul_default, 64_64_U_SP_CWT_CL_GenMul_default
Error processing row: 64_64_U_SP_CWT_SE_GenMul_dc2, 64_64_U_SP_CWT_SE_GenMul_default, 64_64_U_SP_CWT_CL_GenMul_default, 64_64_U_SP_CWT_HCA_GenMul_default
Error processing row: 64_64_U_SP_DT_BK_GenMul_dc2, 64_64_U_SP_DT_BK_GenMul_default, 64_64_U_SP_DT_SE_GenMul_default, 64_64_U_SP_DT_RC_GenMul_default
Error processing row: 64_64_U_SP_DT_CK_GenMul_dc2, 64_64_U_SP_DT_CK_GenMul_default, 64_64_U_SP_DT_RC_GenMul_default, 64_64_U_SP_DT_CL_GenMul_default
Error processing row: 64_64_U_SP_DT_CL_GenMul_dc2, 64_64_U_SP_DT_CL_GenMul_default, 64_64_U_SP_DT_LF_GenMul_default, 64_64_U_SP_DT_HCA_GenMul_default
Error processing row: 64_64_U_SP_DT_KS_GenMul_dc2, 64_64_U_SP_DT_KS_GenMul_default, 64_64_U_SP_DT_HCA_GenMul_default, 64_64_U_SP_DT_RC_GenMul_default
Error processing row: 64_64_U_SP_DT_LF_GenMul_dc2, 64_64_U_SP_DT_KS_GenMul_default, 64_64_U_SP_DT_LF_GenMul_default, 64_64_U_SP_DT_JCA_GenMul_default
Error processing row: 64_64_U_SP_DT_RC_GenMul_dc2, 64_64_U_SP_DT_RC_GenMul_default, 64_64_U_SP_DT_CK_GenMul_default, 64_64_U_SP_DT_CL_GenMul_default
Error processing row: 64_64_U_SP_DT_SE_GenMul_dc2, 64_64_U_SP_DT_SE_GenMul_default, 64_64_U_SP_DT_CL_GenMul_default, 64_64_U_SP_DT_HCA_GenMul_default
Error processing row: 64_64_U_SP_WT_BK_GenMul_dc2, 64_64_U_SP_WT_BK_GenMul_default, 64_64_U_SP_WT_LF_GenMul_default, 64_64_U_SP_WT_JCA_GenMul_default
Error processing row: 64_64_U_SP_WT_CK_GenMul_dc2, 64_64_U_SP_WT_CK_GenMul_default, 64_64_U_SP_WT_RC_GenMul_default, 64_64_U_SP_WT_CL_GenMul_default
Error processing row: 64_64_U_SP_WT_CL_GenMul_dc2, 64_64_U_SP_WT_CL_GenMul_default, 64_64_U_SP_WT_LF_GenMul_default, 64_64_U_SP_WT_HCA_GenMul_default
Error processing row: 64_64_U_SP_WT_KS_GenMul_dc2, 64_64_U_SP_WT_KS_GenMul_default, 64_64_U_SP_WT_HCA_GenMul_default, 64_64_U_SP_WT_RC_GenMul_default
Error processing row: 64_64_U_SP_WT_LF_GenMul_dc2, 64_64_U_SP_WT_LF_GenMul_default, 64_64_U_SP_WT_JCA_GenMul_default, 64_64_U_SP_WT_HCA_GenMul_default
Error processing row: 64_64_U_SP_WT_RC_GenMul_dc2, 64_64_U_SP_WT_RC_GenMul_default, 64_64_U_SP_WT_CK_GenMul_default, 64_64_U_SP_WT_CL_GenMul_default
Error processing row: 64_64_U_SP_WT_SE_GenMul_dc2, 64_64_U_SP_WT_SE_GenMul_default, 64_64_U_SP_WT_CL_GenMul_default, 64_64_U_SP_WT_HCA_GenMul_default
