文件未找到: /data/artifact/AMulet2.0_artifact/64_dc2/Filename.aig
文件未找到: /data/artifact/AMulet2.0_artifact/64_default/Column2.aig
文件未找到: /data/artifact/AMulet2.0_artifact/64_default/Column3.aig
文件未找到: /data/artifact/AMulet2.0_artifact/64_default/Column4.aig
文件未找到: /data/artifact/AMulet2.0_artifact/64_default/64_64_U1_4to2_CK_Multgen_default.aig
文件未找到: /data/artifact/AMulet2.0_artifact/64_default/64_64_U1_4to2_CL_Multgen_default.aig
文件未找到: /data/artifact/AMulet2.0_artifact/64_default/64_64_U1_DT_CK_Multgen_default.aig
文件未找到: /data/artifact/AMulet2.0_artifact/64_default/64_64_U1_DT_CL_Multgen_default.aig
文件未找到: /data/artifact/AMulet2.0_artifact/64_default/64_64_U1_WT_CK_Multgen_default.aig
文件未找到: /data/artifact/AMulet2.0_artifact/64_default/64_64_U1_WT_CL_Multgen_default.aig
文件未找到: /data/artifact/AMulet2.0_artifact/64_default/64_64_U2_4to2_CK_Multgen_default.aig
文件未找到: /data/artifact/AMulet2.0_artifact/64_default/64_64_U2_4to2_CL_Multgen_default.aig
文件未找到: /data/artifact/AMulet2.0_artifact/64_default/64_64_U2_DT_CK_Multgen_default.aig
文件未找到: /data/artifact/AMulet2.0_artifact/64_default/64_64_U2_DT_CL_Multgen_default.aig
文件未找到: /data/artifact/AMulet2.0_artifact/64_default/64_64_U2_WT_CK_Multgen_default.aig
文件未找到: /data/artifact/AMulet2.0_artifact/64_default/64_64_U2_WT_CL_Multgen_default.aig
文件未找到: /data/artifact/AMulet2.0_artifact/64_default/64_64_U_SP_AR_HCA_GenMul_default.aig
文件未找到: /data/artifact/AMulet2.0_artifact/64_default/64_64_U_SP_AR_HCA_GenMul_default.aig
文件未找到: /data/artifact/AMulet2.0_artifact/64_default/64_64_U_SP_AR_HCA_GenMul_default.aig
文件未找到: /data/artifact/AMulet2.0_artifact/64_default/64_64_U_SP_AR_HCA_GenMul_default.aig
文件未找到: /data/artifact/AMulet2.0_artifact/64_default/64_64_U_SP_CWT_JCA_GenMul_default.aig
文件未找到: /data/artifact/AMulet2.0_artifact/64_default/64_64_U_SP_CWT_HCA_GenMul_default.aig
文件未找到: /data/artifact/AMulet2.0_artifact/64_default/64_64_U_SP_CWT_HCA_GenMul_default.aig
文件未找到: /data/artifact/AMulet2.0_artifact/64_default/64_64_U_SP_CWT_JCA_GenMul_default.aig
文件未找到: /data/artifact/AMulet2.0_artifact/64_default/64_64_U_SP_CWT_HCA_GenMul_default.aig
文件未找到: /data/artifact/AMulet2.0_artifact/64_default/64_64_U_SP_DT_HCA_GenMul_default.aig
文件未找到: /data/artifact/AMulet2.0_artifact/64_default/64_64_U_SP_DT_HCA_GenMul_default.aig
文件未找到: /data/artifact/AMulet2.0_artifact/64_default/64_64_U_SP_DT_JCA_GenMul_default.aig
文件未找到: /data/artifact/AMulet2.0_artifact/64_default/64_64_U_SP_DT_HCA_GenMul_default.aig
文件未找到: /data/artifact/AMulet2.0_artifact/64_default/64_64_U_SP_WT_JCA_GenMul_default.aig
文件未找到: /data/artifact/AMulet2.0_artifact/64_default/64_64_U_SP_WT_HCA_GenMul_default.aig
文件未找到: /data/artifact/AMulet2.0_artifact/64_default/64_64_U_SP_WT_HCA_GenMul_default.aig
文件未找到: /data/artifact/AMulet2.0_artifact/64_default/64_64_U_SP_WT_JCA_GenMul_default.aig
文件未找到: /data/artifact/AMulet2.0_artifact/64_default/64_64_U_SP_WT_HCA_GenMul_default.aig
文件未找到: /data/artifact/AMulet2.0_artifact/64_default/64_64_U_SP_WT_HCA_GenMul_default.aig
主文件未找到: /data/artifact/AMulet2.0_artifact/64_dc2/Filename.aig
输出文件未找到: ./cnf_dc2_64/64_64_U1_4to2_RC_Multgen_dc2/cnf2.cnf
输出文件未找到: ./cnf_dc2_64/64_64_U1_4to2_RC_Multgen_dc2/cnf3.cnf
文件未找到: /data/artifact/AMulet2.0_artifact/64_default/64_64_U1_4to2_CK_Multgen_default.aig
文件未找到: /data/artifact/AMulet2.0_artifact/64_default/64_64_U1_4to2_CL_Multgen_default.aig
