缺失输入文件: /data/artifact/AMulet2.0_artifact/64_default/64_64_U1_4to2_SE_Multgen_default.aig /data/artifact/AMulet2.0_artifact/64_default/64_64_U1_4to2_CK_Multgen_default.aig
跳过处理该行: 64_64_U1_4to2_RC_Multgen_resyn3, 64_64_U1_4to2_RC_Multgen_default, 64_64_U1_4to2_SE_Multgen_default, 64_64_U1_4to2_CK_Multgen_default
缺失输入文件: /data/artifact/AMulet2.0_artifact/64_default/64_64_U1_DT_SE_Multgen_default.aig /data/artifact/AMulet2.0_artifact/64_default/64_64_U1_DT_CK_Multgen_default.aig
跳过处理该行: 64_64_U1_DT_RC_Multgen_resyn3, 64_64_U1_DT_RC_Multgen_default, 64_64_U1_DT_SE_Multgen_default, 64_64_U1_DT_CK_Multgen_default
缺失输入文件: /data/artifact/AMulet2.0_artifact/64_default/64_64_U1_4to2_SE_Multgen_default.aig /data/artifact/AMulet2.0_artifact/64_default/64_64_U1_4to2_CK_Multgen_default.aig
跳过处理该行: 64_64_U1_4to2_RC_Multgen_resyn3, 64_64_U1_4to2_RC_Multgen_default, 64_64_U1_4to2_SE_Multgen_default, 64_64_U1_4to2_CK_Multgen_default
缺失输入文件: /data/artifact/AMulet2.0_artifact/64_default/64_64_U1_DT_SE_Multgen_default.aig /data/artifact/AMulet2.0_artifact/64_default/64_64_U1_DT_CK_Multgen_default.aig
跳过处理该行: 64_64_U1_DT_RC_Multgen_resyn3, 64_64_U1_DT_RC_Multgen_default, 64_64_U1_DT_SE_Multgen_default, 64_64_U1_DT_CK_Multgen_default
缺失输入文件: /data/artifact/AMulet2.0_artifact/64_default/64_64_U1_WT_SE_Multgen_default.aig /data/artifact/AMulet2.0_artifact/64_default/64_64_U1_WT_CK_Multgen_default.aig
跳过处理该行: 64_64_U1_WT_RC_Multgen_resyn3, 64_64_U1_WT_RC_Multgen_default, 64_64_U1_WT_SE_Multgen_default, 64_64_U1_WT_CK_Multgen_default
缺失输入文件: /data/artifact/AMulet2.0_artifact/64_default/64_64_U2_4to2_SE_Multgen_default.aig
跳过处理该行: 64_64_U2_4to2_BK_Multgen_resyn3, 64_64_U2_4to2_BK_Multgen_default, 64_64_U2_4to2_SE_Multgen_default, 64_64_U2_4to2_RC_Multgen_default
缺失输入文件: /data/artifact/AMulet2.0_artifact/64_default/64_64_U2_4to2_SE_Multgen_default.aig /data/artifact/AMulet2.0_artifact/64_default/64_64_U2_4to2_CK_Multgen_default.aig
跳过处理该行: 64_64_U2_4to2_RC_Multgen_resyn3, 64_64_U2_4to2_RC_Multgen_default, 64_64_U2_4to2_SE_Multgen_default, 64_64_U2_4to2_CK_Multgen_default
缺失输入文件: /data/artifact/AMulet2.0_artifact/64_default/64_64_U2_DT_CK_Multgen_default.aig /data/artifact/AMulet2.0_artifact/64_default/64_64_U2_DT_CL_Multgen_default.aig
跳过处理该行: 64_64_U2_DT_RC_Multgen_resyn3, 64_64_U2_DT_RC_Multgen_default, 64_64_U2_DT_CK_Multgen_default, 64_64_U2_DT_CL_Multgen_default
缺失输入文件: /data/artifact/AMulet2.0_artifact/64_default/64_64_U2_WT_SE_Multgen_default.aig /data/artifact/AMulet2.0_artifact/64_default/64_64_U2_WT_CK_Multgen_default.aig
跳过处理该行: 64_64_U2_WT_RC_Multgen_resyn3, 64_64_U2_WT_RC_Multgen_default, 64_64_U2_WT_SE_Multgen_default, 64_64_U2_WT_CK_Multgen_default
缺失输入文件: /data/artifact/AMulet2.0_artifact/64_default/64_64_U_SP_AR_HCA_GenMul_default.aig
跳过处理该行: 64_64_U_SP_AR_KS_GenMul_resyn3, 64_64_U_SP_AR_KS_GenMul_default, 64_64_U_SP_AR_LF_GenMul_default, 64_64_U_SP_AR_HCA_GenMul_default
缺失输入文件: /data/artifact/AMulet2.0_artifact/64_default/64_64_U_SP_AR_JCA_GenMul_default.aig
跳过处理该行: 64_64_U_SP_AR_LF_GenMul_resyn3, 64_64_U_SP_AR_LF_GenMul_default, 64_64_U_SP_AR_KS_GenMul_default, 64_64_U_SP_AR_JCA_GenMul_default
缺失输入文件: /data/artifact/AMulet2.0_artifact/64_default/64_64_U_SP_CWT_HCA_GenMul_default.aig
跳过处理该行: 64_64_U_SP_CWT_BK_GenMul_resyn3, 64_64_U_SP_CWT_BK_GenMul_default, 64_64_U_SP_CWT_HCA_GenMul_default, 64_64_U_SP_CWT_RC_GenMul_default
缺失输入文件: /data/artifact/AMulet2.0_artifact/64_default/64_64_U_SP_CWT_HCA_GenMul_default.aig
跳过处理该行: 64_64_U_SP_CWT_KS_GenMul_resyn3, 64_64_U_SP_CWT_KS_GenMul_default, 64_64_U_SP_CWT_HCA_GenMul_default, 64_64_U_SP_CWT_RC_GenMul_default
缺失输入文件: /data/artifact/AMulet2.0_artifact/64_default/64_64_U_SP_CWT_JCA_GenMul_default.aig
跳过处理该行: 64_64_U_SP_CWT_LF_GenMul_resyn3, 64_64_U_SP_CWT_LF_GenMul_default, 64_64_U_SP_CWT_JCA_GenMul_default, 64_64_U_SP_CWT_RC_GenMul_default
缺失输入文件: /data/artifact/AMulet2.0_artifact/64_default/64_64_U_SP_DT_HCA_GenMul_default.aig
跳过处理该行: 64_64_U_SP_DT_BK_GenMul_resyn3, 64_64_U_SP_DT_BK_GenMul_default, 64_64_U_SP_DT_HCA_GenMul_default, 64_64_U_SP_DT_LF_GenMul_default
缺失输入文件: /data/artifact/AMulet2.0_artifact/64_default/64_64_U_SP_DT_HCA_GenMul_default.aig
跳过处理该行: 64_64_U_SP_DT_KS_GenMul_resyn3, 64_64_U_SP_DT_KS_GenMul_default, 64_64_U_SP_DT_HCA_GenMul_default, 64_64_U_SP_DT_LF_GenMul_default
缺失输入文件: /data/artifact/AMulet2.0_artifact/64_default/64_64_U_SP_DT_JCA_GenMul_default.aig
跳过处理该行: 64_64_U_SP_DT_LF_GenMul_resyn3, 64_64_U_SP_DT_LF_GenMul_default, 64_64_U_SP_DT_JCA_GenMul_default, 64_64_U_SP_DT_BK_GenMul_default
缺失输入文件: /data/artifact/AMulet2.0_artifact/64_default/64_64_U_SP_WT_HCA_GenMul_default.aig
跳过处理该行: 64_64_U_SP_WT_BK_GenMul_resyn3, 64_64_U_SP_WT_BK_GenMul_default, 64_64_U_SP_WT_HCA_GenMul_default, 64_64_U_SP_WT_LF_GenMul_default
缺失输入文件: /data/artifact/AMulet2.0_artifact/64_default/64_64_U_SP_WT_HCA_GenMul_default.aig
跳过处理该行: 64_64_U_SP_WT_KS_GenMul_resyn3, 64_64_U_SP_WT_KS_GenMul_default, 64_64_U_SP_WT_HCA_GenMul_default, 64_64_U_SP_WT_LF_GenMul_default
缺失输入文件: /data/artifact/AMulet2.0_artifact/64_default/64_64_U_SP_WT_JCA_GenMul_default.aig
跳过处理该行: 64_64_U_SP_WT_LF_GenMul_resyn3, 64_64_U_SP_WT_LF_GenMul_default, 64_64_U_SP_WT_JCA_GenMul_default, 64_64_U_SP_WT_RC_GenMul_default
缺失输入文件: /data/artifact/AMulet2.0_artifact/64_default/64_64_U_SP_WT_HCA_GenMul_default.aig
跳过处理该行: 64_64_U_SP_WT_BK_GenMul_resyn3, 64_64_U_SP_WT_BK_GenMul_default, 64_64_U_SP_WT_HCA_GenMul_default, 64_64_U_SP_WT_LF_GenMul_default
缺失输入文件: /data/artifact/AMulet2.0_artifact/64_resyn3/.aig /data/artifact/AMulet2.0_artifact/64_default/.aig /data/artifact/AMulet2.0_artifact/64_default/.aig /data/artifact/AMulet2.0_artifact/64_default/.aig
跳过处理该行: , , , 
缺失输入文件: /data/artifact/AMulet2.0_artifact/64_default/64_64_U_SP_WT_HCA_GenMul_default.aig
跳过处理该行: 64_64_U_SP_WT_BK_GenMul_resyn3, 64_64_U_SP_WT_BK_GenMul_default, 64_64_U_SP_WT_HCA_GenMul_default, 64_64_U_SP_WT_LF_GenMul_default
缺失输入文件: /data/artifact/AMulet2.0_artifact/64_resyn3/.aig /data/artifact/AMulet2.0_artifact/64_default/.aig /data/artifact/AMulet2.0_artifact/64_default/.aig /data/artifact/AMulet2.0_artifact/64_default/.aig
跳过处理该行: , , , 
缺失输入文件: /data/artifact/AMulet2.0_artifact/64_default/64_64_U_SP_WT_HCA_GenMul_default.aig
跳过处理该行: 64_64_U_SP_WT_BK_GenMul_resyn3, 64_64_U_SP_WT_BK_GenMul_default, 64_64_U_SP_WT_HCA_GenMul_default, 64_64_U_SP_WT_LF_GenMul_default
缺失输入文件: /data/artifact/AMulet2.0_artifact/64_default/64_64_U_SP_WT_HCA_GenMul_default.aig
跳过处理该行: 64_64_U_SP_WT_BK_GenMul_resyn3, 64_64_U_SP_WT_BK_GenMul_default, 64_64_U_SP_WT_HCA_GenMul_default, 64_64_U_SP_WT_LF_GenMul_default
缺失输入文件: /data/artifact/AMulet2.0_artifact/64_default/64_64_U_SP_WT_HCA_GenMul_default.aig
跳过处理该行: 64_64_U_SP_WT_BK_GenMul_resyn3, 64_64_U_SP_WT_BK_GenMul_default, 64_64_U_SP_WT_HCA_GenMul_default, 64_64_U_SP_WT_LF_GenMul_default
缺失输入文件: /data/artifact/AMulet2.0_artifact/64_resyn3/.aig /data/artifact/AMulet2.0_artifact/64_default/.aig /data/artifact/AMulet2.0_artifact/64_default/.aig /data/artifact/AMulet2.0_artifact/64_default/.aig
跳过处理该行: , , , 
缺失输入文件: /data/artifact/AMulet2.0_artifact/64_resyn3/.aig /data/artifact/AMulet2.0_artifact/64_default/.aig /data/artifact/AMulet2.0_artifact/64_default/.aig /data/artifact/AMulet2.0_artifact/64_default/.aig
跳过处理该行: , , , 
缺失输入文件: /data/artifact/AMulet2.0_artifact/64_default/64_64_U_SP_WT_HCA_GenMul_default.aig
跳过处理该行: 64_64_U_SP_WT_BK_GenMul_resyn3, 64_64_U_SP_WT_BK_GenMul_default, 64_64_U_SP_WT_HCA_GenMul_default, 64_64_U_SP_WT_LF_GenMul_default
缺失输入文件: /data/artifact/AMulet2.0_artifact/64_default/64_64_U_SP_WT_HCA_GenMul_default.aig
跳过处理该行: 64_64_U_SP_WT_BK_GenMul_resyn3, 64_64_U_SP_WT_BK_GenMul_default, 64_64_U_SP_WT_HCA_GenMul_default, 64_64_U_SP_WT_LF_GenMul_default
缺失输入文件: /data/artifact/AMulet2.0_artifact/64_default/64_64_U_SP_WT_HCA_GenMul_default.aig
跳过处理该行: 64_64_U_SP_WT_BK_GenMul_resyn3, 64_64_U_SP_WT_BK_GenMul_default, 64_64_U_SP_WT_HCA_GenMul_default, 64_64_U_SP_WT_LF_GenMul_default
缺失输入文件: /data/artifact/AMulet2.0_artifact/64_resyn3/.aig /data/artifact/AMulet2.0_artifact/64_default/.aig /data/artifact/AMulet2.0_artifact/64_default/.aig /data/artifact/AMulet2.0_artifact/64_default/.aig
跳过处理该行: , , , 
缺失输入文件: /data/artifact/AMulet2.0_artifact/64_resyn3/.aig /data/artifact/AMulet2.0_artifact/64_default/.aig /data/artifact/AMulet2.0_artifact/64_default/.aig /data/artifact/AMulet2.0_artifact/64_default/.aig
跳过处理该行: , , , 
